<?xml version="1.0" encoding="UTF-8"?>
<!-- Generated by org.testng.reporters.JUnitReportReporter -->
<testsuite name="appModules.BaseClass" tests="1" time="0.005" ignored="0" failures="0" timestamp="09 Feb 2017 06:47:56 GMT" skipped="0" hostname="SAKIBQA" errors="0">
  <testcase name="testLogin" time="0.005" classname="appModules.BaseClass"/>
</testsuite> <!-- appModules.BaseClass -->
