<?xml version="1.0" encoding="UTF-8"?>
<!-- Generated by org.testng.reporters.JUnitReportReporter -->
<testsuite name="appModules.SignUp" tests="2" time="45.663" ignored="0" failures="0" timestamp="14 Feb 2017 06:16:53 GMT" skipped="0" hostname="SAKIBQA" errors="0">
  <testcase name="testLogin" time="0.007" classname="appModules.SignUp"/>
  <testcase name="test_sign_up_linkd" time="45.656" classname="appModules.SignUp"/>
</testsuite> <!-- appModules.SignUp -->
