<?xml version="1.0" encoding="UTF-8"?>
<!-- Generated by org.testng.reporters.JUnitReportReporter -->
<testsuite name="appModules.SignUpComapny" tests="2" time="86.868" ignored="0" failures="0" timestamp="02 Mar 2017 04:51:41 GMT" skipped="0" hostname="SAKIBQA" errors="0">
  <testcase name="testLogin" time="15.301" classname="appModules.SignUpComapny"/>
  <testcase name="test_upload_company_logo" time="71.567" classname="appModules.SignUpComapny"/>
</testsuite> <!-- appModules.SignUpComapny -->
